<?xml version="1.0" encoding="UTF-8"?>
<!-- Generated by org.testng.reporters.JUnitXMLReporter -->
<testsuite hostname="DEV-2018-23" ignored="0" name="Default test" tests="6" failures="0" timestamp="27 Aug 2019 12:31:05 GMT" time="0.114" errors="0">
  <testcase name="test1" time="0.029" classname="TestPack.hellojava"/>
  <testcase name="test1" time="0.003" classname="TestPack.hellojava"/>
  <testcase name="test2" time="0.003" classname="TestPack.hellojava"/>
  <testcase name="test2" time="0.002" classname="TestPack.hellojava"/>
  <testcase name="test2" time="0.004" classname="TestPack.hellojava"/>
  <testcase name="test2" time="0.004" classname="TestPack.hellojava"/>
</testsuite> <!-- Default test -->
